╔═══════════════════════════════════════════════════════════════════════════╗
║                                                                           ║
║                                  ..:§:..                                  ║
║   ╔══════════════════════════════════════════════════════════════════╗    ║
║   ║    Log file generated by SVN Directory Cleaner v1.0.3230.31928   ║    ║
║   ╚══════════════════════════════════════════════════════════════════╝    ║
║                                                                           ║
║   Date.......: 07/05/2009                                                 ║
║   Files......: 00067 Files.                                               ║ 
║   References.: 00038 SVN Rererences.                                      ║
║                                                                           ║
║                                                                           ║
╠═══════════════════════════════════════════════════════════════════════════╣
║                                                                           ║

[§][Start Clean Actions]
   C:\Projetos\wagner\KeyroxCam\Tibia.Client

[§][Deleting Old Backup].[§][Done!]

[§][Creating Backup].[§][Done!]

[§][Cleaning Root Directory].[quinta-feira, 7 de maio de 2009 10:37:21]
   C:\Projetos\wagner\KeyroxCam\Tibia.Client\Contracts\_svn\all-wcprops; Done.
   C:\Projetos\wagner\KeyroxCam\Tibia.Client\Contracts\_svn\entries; Done.
   C:\Projetos\wagner\KeyroxCam\Tibia.Client\Contracts\_svn\format; Done.
   C:\Projetos\wagner\KeyroxCam\Tibia.Client\Contracts\_svn\text-base\IClient.cs.svn-base; Done.
   C:\Projetos\wagner\KeyroxCam\Tibia.Client\Contracts\_svn\prop-base; Done.
   C:\Projetos\wagner\KeyroxCam\Tibia.Client\Contracts\_svn\props; Done.
   C:\Projetos\wagner\KeyroxCam\Tibia.Client\Contracts\_svn\text-base; Done.
   C:\Projetos\wagner\KeyroxCam\Tibia.Client\Contracts\_svn\tmp\prop-base; Done.
   C:\Projetos\wagner\KeyroxCam\Tibia.Client\Contracts\_svn\tmp\props; Done.
   C:\Projetos\wagner\KeyroxCam\Tibia.Client\Contracts\_svn\tmp\text-base; Done.
   C:\Projetos\wagner\KeyroxCam\Tibia.Client\Contracts\_svn\tmp; Done.
   C:\Projetos\wagner\KeyroxCam\Tibia.Client\Contracts\_svn; Done.
   C:\Projetos\wagner\KeyroxCam\Tibia.Client\Properties\_svn\all-wcprops; Done.
   C:\Projetos\wagner\KeyroxCam\Tibia.Client\Properties\_svn\entries; Done.
   C:\Projetos\wagner\KeyroxCam\Tibia.Client\Properties\_svn\format; Done.
   C:\Projetos\wagner\KeyroxCam\Tibia.Client\Properties\_svn\text-base\AssemblyInfo.cs.svn-base; Done.
   C:\Projetos\wagner\KeyroxCam\Tibia.Client\Properties\_svn\prop-base; Done.
   C:\Projetos\wagner\KeyroxCam\Tibia.Client\Properties\_svn\props; Done.
   C:\Projetos\wagner\KeyroxCam\Tibia.Client\Properties\_svn\text-base; Done.
   C:\Projetos\wagner\KeyroxCam\Tibia.Client\Properties\_svn\tmp\prop-base; Done.
   C:\Projetos\wagner\KeyroxCam\Tibia.Client\Properties\_svn\tmp\props; Done.
   C:\Projetos\wagner\KeyroxCam\Tibia.Client\Properties\_svn\tmp\text-base; Done.
   C:\Projetos\wagner\KeyroxCam\Tibia.Client\Properties\_svn\tmp; Done.
   C:\Projetos\wagner\KeyroxCam\Tibia.Client\Properties\_svn; Done.
   C:\Projetos\wagner\KeyroxCam\Tibia.Client\_svn\all-wcprops; Done.
   C:\Projetos\wagner\KeyroxCam\Tibia.Client\_svn\entries; Done.
   C:\Projetos\wagner\KeyroxCam\Tibia.Client\_svn\format; Done.
   C:\Projetos\wagner\KeyroxCam\Tibia.Client\_svn\text-base\Tibia.Client.csproj.svn-base; Done.
   C:\Projetos\wagner\KeyroxCam\Tibia.Client\_svn\text-base\TibiaClient.cs.svn-base; Done.
   C:\Projetos\wagner\KeyroxCam\Tibia.Client\_svn\text-base\TibiaClientCollection.cs.svn-base; Done.
   C:\Projetos\wagner\KeyroxCam\Tibia.Client\_svn\prop-base; Done.
   C:\Projetos\wagner\KeyroxCam\Tibia.Client\_svn\props; Done.
   C:\Projetos\wagner\KeyroxCam\Tibia.Client\_svn\text-base; Done.
   C:\Projetos\wagner\KeyroxCam\Tibia.Client\_svn\tmp\prop-base; Done.
   C:\Projetos\wagner\KeyroxCam\Tibia.Client\_svn\tmp\props; Done.
   C:\Projetos\wagner\KeyroxCam\Tibia.Client\_svn\tmp\text-base; Done.
   C:\Projetos\wagner\KeyroxCam\Tibia.Client\_svn\tmp; Done.
   C:\Projetos\wagner\KeyroxCam\Tibia.Client\_svn; Done.
[§][Done!]

[§][Done!][quinta-feira, 7 de maio de 2009 10:37:22]


║                                                                           ║
║      Elapsed Time.: 00:00:00.7812500      SVN Files.....: 00038           ║
║      Backup.......: 00000 Files           Old Backup....: 00000           ║
║                                           ---------------------           ║
║                                           Total Deleted.: 00038           ║
║                                                                           ║
╠═══════════════════════════════════════════════════════════════════════════╣
║                                                                           ║
║             Contact info: http://code.google.com/p/svncleaner/             ║
║                                                                           ║
║                             SVNCleaner® 2008                              ║
╚═══════════════════════════════════════════════════════════════════════════╝
